#
# There is insufficient memory for the Java Runtime Environment to continue.
# Native memory allocation (mmap) failed to map 104857600 bytes for Failed to commit area from 0x0000000090f00000 to 0x0000000097300000 of length 104857600.
# Possible reasons:
#   The system is out of physical RAM or swap space
#   The process is running with CompressedOops enabled, and the Java Heap may be blocking the growth of the native heap
# Possible solutions:
#   Reduce memory load on the system
#   Increase physical memory or swap space
#   Check if swap backing store is full
#   Decrease Java heap size (-Xmx/-Xms)
#   Decrease number of Java threads
#   Decrease Java thread stack sizes (-Xss)
#   Set larger code cache with -XX:ReservedCodeCacheSize=
#   JVM is running with Unscaled Compressed Oops mode in which the Java heap is
#     placed in the first 4GB address space. The Java Heap base address is the
#     maximum limit for the native heap growth. Please use -XX:HeapBaseMinAddress
#     to set the Java Heap base and to place the Java Heap above 4GB virtual address.
# This output file may be truncated or incomplete.
#
#  Out of Memory Error (./open/src/hotspot/os/windows/os_windows.cpp:3283), pid=3116, tid=2340
#
# JRE version: Java(TM) SE Runtime Environment 18.9 (11.0.17+10) (build 11.0.17+10-LTS-269)
# Java VM: Java HotSpot(TM) 64-Bit Server VM 18.9 (11.0.17+10-LTS-269, mixed mode, tiered, compressed oops, g1 gc, windows-amd64)
# No core dump will be written. Minidumps are not enabled by default on client versions of Windows
#

---------------  S U M M A R Y ------------

Command Line: -Dfile.encoding=UTF-8 com.thoughtworks.gauge.GaugeRuntime --start

Host: Intel(R) Core(TM) i5-8265U CPU @ 1.60GHz, 8 cores, 7G,  Windows 10 , 64 bit Build 19041 (10.0.19041.2364)
Time: Mon Dec 26 15:22:20 2022 Türkiye Standart Saati elapsed time: 4.981330 seconds (0d 0h 0m 4s)

---------------  T H R E A D  ---------------

Current thread (0x0000018b55e2e800):  VMThread "VM Thread" [stack: 0x0000008636500000,0x0000008636600000] [id=2340]

Stack: [0x0000008636500000,0x0000008636600000]
[error occurred during error reporting (printing stack bounds), id 0xc0000005, EXCEPTION_ACCESS_VIOLATION (0xc0000005) at pc=0x0000018b3f580f2d]

Native frames: (J=compiled Java code, j=interpreted, Vv=VM code, C=native code)
V  [jvm.dll+0x62b5da]
V  [jvm.dll+0x7653df]
V  [jvm.dll+0x766a89]
V  [jvm.dll+0x767075]
V  [jvm.dll+0x76702b]
V  [jvm.dll+0x62aac3]
V  [jvm.dll+0x62b1d8]
C  [ntdll.dll+0xa241f]
C  [ntdll.dll+0x514a4]
C  [ntdll.dll+0xa0f4e]
C  0x0000018b3f580f2d

VM_Operation (0x00000086381fded0): G1CollectForAllocation, mode: safepoint, requested by thread 0x0000018b5a6a3800


---------------  P R O C E S S  ---------------

Threads class SMR info:
_java_thread_list=0x0000018b59839430, length=22, elements={
0x0000018b37ec8800, 0x0000018b55e51800, 0x0000018b55e5b800, 0x0000018b567a7800,
0x0000018b567a9800, 0x0000018b567aa800, 0x0000018b567b0000, 0x0000018b567b1000,
0x0000018b567b2800, 0x0000018b56a80800, 0x0000018b56af7800, 0x0000018b573f4000,
0x0000018b57f7d000, 0x0000018b57f1c800, 0x0000018b57f60800, 0x0000018b57f5d800,
0x0000018b57f88000, 0x0000018b57f89000, 0x0000018b57f8a000, 0x0000018b58549000,
0x0000018b5a6a2000, 0x0000018b5a6a3800
}

Java Threads: ( => current thread )
  0x0000018b37ec8800 JavaThread "main" [_thread_blocked, id=9452, stack(0x0000008635f00000,0x0000008636000000)]
  0x0000018b55e51800 JavaThread "Reference Handler" daemon [_thread_blocked, id=1224, stack(0x0000008636600000,0x0000008636700000)]
  0x0000018b55e5b800 JavaThread "Finalizer" daemon [_thread_blocked, id=12380, stack(0x0000008636700000,0x0000008636800000)]
  0x0000018b567a7800 JavaThread "Signal Dispatcher" daemon [_thread_blocked, id=11044, stack(0x0000008636800000,0x0000008636900000)]
  0x0000018b567a9800 JavaThread "Attach Listener" daemon [_thread_blocked, id=9488, stack(0x0000008636900000,0x0000008636a00000)]
  0x0000018b567aa800 JavaThread "Service Thread" daemon [_thread_blocked, id=8572, stack(0x0000008636a00000,0x0000008636b00000)]
  0x0000018b567b0000 JavaThread "C2 CompilerThread0" daemon [_thread_blocked, id=3928, stack(0x0000008636b00000,0x0000008636c00000)]
  0x0000018b567b1000 JavaThread "C1 CompilerThread0" daemon [_thread_blocked, id=12296, stack(0x0000008636c00000,0x0000008636d00000)]
  0x0000018b567b2800 JavaThread "Sweeper thread" daemon [_thread_blocked, id=9152, stack(0x0000008636d00000,0x0000008636e00000)]
  0x0000018b56a80800 JavaThread "Common-Cleaner" daemon [_thread_blocked, id=10132, stack(0x0000008636f00000,0x0000008637000000)]
  0x0000018b56af7800 JavaThread "C2 CompilerThread1" daemon [_thread_blocked, id=9612, stack(0x0000008637000000,0x0000008637100000)]
  0x0000018b573f4000 JavaThread "C2 CompilerThread2" daemon [_thread_in_native, id=1184, stack(0x0000008637100000,0x0000008637200000)]
  0x0000018b57f7d000 JavaThread "ForkJoinPool.commonPool-worker-3" daemon [_thread_blocked, id=9240, stack(0x0000008637600000,0x0000008637700000)]
  0x0000018b57f1c800 JavaThread "ForkJoinPool.commonPool-worker-5" daemon [_thread_blocked, id=5568, stack(0x0000008637700000,0x0000008637800000)]
  0x0000018b57f60800 JavaThread "ForkJoinPool.commonPool-worker-7" daemon [_thread_blocked, id=8648, stack(0x0000008637800000,0x0000008637900000)]
  0x0000018b57f5d800 JavaThread "ForkJoinPool.commonPool-worker-9" daemon [_thread_blocked, id=3844, stack(0x0000008637900000,0x0000008637a00000)]
  0x0000018b57f88000 JavaThread "ForkJoinPool.commonPool-worker-11" daemon [_thread_blocked, id=4928, stack(0x0000008637a00000,0x0000008637b00000)]
  0x0000018b57f89000 JavaThread "ForkJoinPool.commonPool-worker-13" daemon [_thread_blocked, id=10756, stack(0x0000008637b00000,0x0000008637c00000)]
  0x0000018b57f8a000 JavaThread "ForkJoinPool.commonPool-worker-15" daemon [_thread_blocked, id=7136, stack(0x0000008637c00000,0x0000008637d00000)]
  0x0000018b58549000 JavaThread "grpc-nio-boss-ELG-1-1" daemon [_thread_in_native, id=5908, stack(0x0000008637f00000,0x0000008638000000)]
  0x0000018b5a6a2000 JavaThread "grpc-nio-worker-ELG-3-1" daemon [_thread_in_native, id=7320, stack(0x0000008638000000,0x0000008638100000)]
  0x0000018b5a6a3800 JavaThread "pool-2-thread-1" [_thread_blocked, id=7016, stack(0x0000008638100000,0x0000008638200000)]

Other Threads:
=>0x0000018b55e2e800 VMThread "VM Thread" [stack: 0x0000008636500000,0x0000008636600000] [id=2340]
  0x0000018b56a7e000 WatcherThread [stack: 0x0000008636e00000,0x0000008636f00000] [id=7888]
  0x0000018b37edc000 GCTaskThread "GC Thread#0" [stack: 0x0000008636000000,0x0000008636100000] [id=6816]
  0x0000018b5744d800 GCTaskThread "GC Thread#1" [stack: 0x0000008637300000,0x0000008637400000] [id=1936]
  0x0000018b577fb800 GCTaskThread "GC Thread#2" [stack: 0x0000008637400000,0x0000008637500000] [id=7532]
  0x0000018b577fc800 GCTaskThread "GC Thread#3" [stack: 0x0000008637500000,0x0000008637600000] [id=12120]
  0x0000018b583d8000 GCTaskThread "GC Thread#4" [stack: 0x0000008637d00000,0x0000008637e00000] [id=1624]
  0x0000018b37f0d000 ConcurrentGCThread "G1 Main Marker" [stack: 0x0000008636100000,0x0000008636200000] [id=4008]
  0x0000018b37f0e800 ConcurrentGCThread "G1 Conc#0" [stack: 0x0000008636200000,0x0000008636300000] [id=5984]
  0x0000018b59987000 ConcurrentGCThread "G1 Conc#1" [stack: 0x0000008637e00000,0x0000008637f00000] [id=5708]
  0x0000018b37f8e000 ConcurrentGCThread "G1 Refine#0" [stack: 0x0000008636300000,0x0000008636400000] [id=9260]
  0x0000018b55c93800 ConcurrentGCThread "G1 Young RemSet Sampling" [stack: 0x0000008636400000,0x0000008636500000] [id=5716]

Threads with active compile tasks:
C2 CompilerThread0     5008 2806       4       org.reflections.scanners.Scanners$1::scan (42 bytes)
C2 CompilerThread1     5008 2810       4       org.reflections.scanners.Scanners::scan (43 bytes)
C2 CompilerThread2     5008 2670   !   4       jdk.internal.loader.BuiltinClassLoader::loadClassOrNull (143 bytes)

VM state:at safepoint (normal execution)

VM Mutex/Monitor currently owned by a thread:  ([mutex/lock_event])
[0x0000018b37ec5400] Threads_lock - owner thread: 0x0000018b55e2e800
[0x0000018b37ec4320] Heap_lock - owner thread: 0x0000018b5a6a3800

Heap address: 0x0000000081e00000, size: 2018 MB, Compressed Oops mode: 32-bit
Narrow klass base: 0x0000000000000000, Narrow klass shift: 3
Compressed class space size: 1073741824 Address: 0x0000000100000000

Heap:
 garbage-first heap   total 349184K, used 23302K [0x0000000081e00000, 0x0000000100000000)
  region size 1024K, 11 young (11264K), 11 survivors (11264K)
 Metaspace       used 30322K, capacity 30933K, committed 31228K, reserved 1077248K
  class space    used 3985K, capacity 4240K, committed 4352K, reserved 1048576K
Heap Regions: E=young(eden), S=young(survivor), O=old, HS=humongous(starts), HC=humongous(continues), CS=collection set, F=free, A=archive, TAMS=top-at-mark-start (previous, next)
|   0|0x0000000081e00000, 0x0000000081f00000, 0x0000000081f00000|100%| O|  |TAMS 0x0000000081f00000, 0x0000000081e00000| Untracked 
|   1|0x0000000081f00000, 0x0000000082000000, 0x0000000082000000|100%| O|  |TAMS 0x0000000082000000, 0x0000000081f00000| Untracked 
|   2|0x0000000082000000, 0x0000000082100000, 0x0000000082100000|100%| O|  |TAMS 0x0000000082100000, 0x0000000082000000| Untracked 
|   3|0x0000000082100000, 0x0000000082200000, 0x0000000082200000|100%| O|  |TAMS 0x0000000082200000, 0x0000000082100000| Untracked 
|   4|0x0000000082200000, 0x0000000082300000, 0x0000000082300000|100%| O|  |TAMS 0x0000000082300000, 0x0000000082200000| Untracked 
|   5|0x0000000082300000, 0x0000000082400000, 0x0000000082400000|100%| O|  |TAMS 0x0000000082400000, 0x0000000082300000| Untracked 
|   6|0x0000000082400000, 0x0000000082500000, 0x0000000082500000|100%| O|  |TAMS 0x0000000082500000, 0x0000000082400000| Untracked 
|   7|0x0000000082500000, 0x0000000082600000, 0x0000000082600000|100%| O|  |TAMS 0x0000000082503a00, 0x0000000082500000| Untracked 
|   8|0x0000000082600000, 0x0000000082700000, 0x0000000082700000|100%| O|  |TAMS 0x0000000082600000, 0x0000000082600000| Untracked 
|   9|0x0000000082700000, 0x0000000082800000, 0x0000000082800000|100%| O|  |TAMS 0x0000000082700000, 0x0000000082700000| Untracked 
|  10|0x0000000082800000, 0x0000000082900000, 0x0000000082900000|100%| O|  |TAMS 0x0000000082800000, 0x0000000082800000| Untracked 
|  11|0x0000000082900000, 0x00000000829c1a00, 0x0000000082a00000| 75%| O|  |TAMS 0x0000000082900000, 0x0000000082900000| Untracked 
|  12|0x0000000082a00000, 0x0000000082a00000, 0x0000000082b00000|  0%| F|  |TAMS 0x0000000082a00000, 0x0000000082a00000| Untracked 
|  13|0x0000000082b00000, 0x0000000082b00000, 0x0000000082c00000|  0%| F|  |TAMS 0x0000000082b00000, 0x0000000082b00000| Untracked 
|  14|0x0000000082c00000, 0x0000000082c00000, 0x0000000082d00000|  0%| F|  |TAMS 0x0000000082c00000, 0x0000000082c00000| Untracked 
|  15|0x0000000082d00000, 0x0000000082d00000, 0x0000000082e00000|  0%| F|  |TAMS 0x0000000082d00000, 0x0000000082d00000| Untracked 
|  16|0x0000000082e00000, 0x0000000082e00000, 0x0000000082f00000|  0%| F|  |TAMS 0x0000000082e00000, 0x0000000082e00000| Untracked 
|  17|0x0000000082f00000, 0x0000000082f00000, 0x0000000083000000|  0%| F|  |TAMS 0x0000000082f00000, 0x0000000082f00000| Untracked 
|  18|0x0000000083000000, 0x0000000083000000, 0x0000000083100000|  0%| F|  |TAMS 0x0000000083000000, 0x0000000083000000| Untracked 
|  19|0x0000000083100000, 0x0000000083100000, 0x0000000083200000|  0%| F|  |TAMS 0x0000000083100000, 0x0000000083100000| Untracked 
|  20|0x0000000083200000, 0x0000000083200000, 0x0000000083300000|  0%| F|  |TAMS 0x0000000083200000, 0x0000000083200000| Untracked 
|  21|0x0000000083300000, 0x0000000083300000, 0x0000000083400000|  0%| F|  |TAMS 0x0000000083300000, 0x0000000083300000| Untracked 
|  22|0x0000000083400000, 0x0000000083400000, 0x0000000083500000|  0%| F|  |TAMS 0x0000000083400000, 0x0000000083400000| Untracked 
|  23|0x0000000083500000, 0x0000000083500000, 0x0000000083600000|  0%| F|  |TAMS 0x0000000083500000, 0x0000000083500000| Untracked 
|  24|0x0000000083600000, 0x0000000083600000, 0x0000000083700000|  0%| F|  |TAMS 0x0000000083600000, 0x0000000083600000| Untracked 
|  25|0x0000000083700000, 0x0000000083700000, 0x0000000083800000|  0%| F|  |TAMS 0x0000000083700000, 0x0000000083700000| Untracked 
|  26|0x0000000083800000, 0x0000000083800000, 0x0000000083900000|  0%| F|  |TAMS 0x0000000083800000, 0x0000000083800000| Untracked 
|  27|0x0000000083900000, 0x0000000083900000, 0x0000000083a00000|  0%| F|  |TAMS 0x0000000083900000, 0x0000000083900000| Untracked 
|  28|0x0000000083a00000, 0x0000000083a00000, 0x0000000083b00000|  0%| F|  |TAMS 0x0000000083a00000, 0x0000000083a00000| Untracked 
|  29|0x0000000083b00000, 0x0000000083b00000, 0x0000000083c00000|  0%| F|  |TAMS 0x0000000083b00000, 0x0000000083b00000| Untracked 
|  30|0x0000000083c00000, 0x0000000083c00000, 0x0000000083d00000|  0%| F|  |TAMS 0x0000000083c00000, 0x0000000083c00000| Untracked 
|  31|0x0000000083d00000, 0x0000000083d00000, 0x0000000083e00000|  0%| F|  |TAMS 0x0000000083d00000, 0x0000000083d00000| Untracked 
|  32|0x0000000083e00000, 0x0000000083e00000, 0x0000000083f00000|  0%| F|  |TAMS 0x0000000083e00000, 0x0000000083e00000| Untracked 
|  33|0x0000000083f00000, 0x0000000083f00000, 0x0000000084000000|  0%| F|  |TAMS 0x0000000083f00000, 0x0000000083f00000| Untracked 
|  34|0x0000000084000000, 0x0000000084000000, 0x0000000084100000|  0%| F|  |TAMS 0x0000000084000000, 0x0000000084000000| Untracked 
|  35|0x0000000084100000, 0x0000000084100000, 0x0000000084200000|  0%| F|  |TAMS 0x0000000084100000, 0x0000000084100000| Untracked 
|  36|0x0000000084200000, 0x0000000084200000, 0x0000000084300000|  0%| F|  |TAMS 0x0000000084200000, 0x0000000084200000| Untracked 
|  37|0x0000000084300000, 0x0000000084300000, 0x0000000084400000|  0%| F|  |TAMS 0x0000000084300000, 0x0000000084300000| Untracked 
|  38|0x0000000084400000, 0x0000000084400000, 0x0000000084500000|  0%| F|  |TAMS 0x0000000084400000, 0x0000000084400000| Untracked 
|  39|0x0000000084500000, 0x0000000084500000, 0x0000000084600000|  0%| F|  |TAMS 0x0000000084500000, 0x0000000084500000| Untracked 
|  40|0x0000000084600000, 0x0000000084600000, 0x0000000084700000|  0%| F|  |TAMS 0x0000000084600000, 0x0000000084600000| Untracked 
|  41|0x0000000084700000, 0x0000000084700000, 0x0000000084800000|  0%| F|  |TAMS 0x0000000084700000, 0x0000000084700000| Untracked 
|  42|0x0000000084800000, 0x0000000084800000, 0x0000000084900000|  0%| F|  |TAMS 0x0000000084800000, 0x0000000084800000| Untracked 
|  43|0x0000000084900000, 0x0000000084900000, 0x0000000084a00000|  0%| F|  |TAMS 0x0000000084900000, 0x0000000084900000| Untracked 
|  44|0x0000000084a00000, 0x0000000084a00000, 0x0000000084b00000|  0%| F|  |TAMS 0x0000000084a00000, 0x0000000084a00000| Untracked 
|  45|0x0000000084b00000, 0x0000000084b00000, 0x0000000084c00000|  0%| F|  |TAMS 0x0000000084b00000, 0x0000000084b00000| Untracked 
|  46|0x0000000084c00000, 0x0000000084c00000, 0x0000000084d00000|  0%| F|  |TAMS 0x0000000084c00000, 0x0000000084c00000| Untracked 
|  47|0x0000000084d00000, 0x0000000084d00000, 0x0000000084e00000|  0%| F|  |TAMS 0x0000000084d00000, 0x0000000084d00000| Untracked 
|  48|0x0000000084e00000, 0x0000000084e00000, 0x0000000084f00000|  0%| F|  |TAMS 0x0000000084e00000, 0x0000000084e00000| Untracked 
|  49|0x0000000084f00000, 0x0000000084f00000, 0x0000000085000000|  0%| F|  |TAMS 0x0000000084f00000, 0x0000000084f00000| Untracked 
|  50|0x0000000085000000, 0x0000000085000000, 0x0000000085100000|  0%| F|  |TAMS 0x0000000085000000, 0x0000000085000000| Untracked 
|  51|0x0000000085100000, 0x0000000085100000, 0x0000000085200000|  0%| F|  |TAMS 0x0000000085100000, 0x0000000085100000| Untracked 
|  52|0x0000000085200000, 0x0000000085200000, 0x0000000085300000|  0%| F|  |TAMS 0x0000000085200000, 0x0000000085200000| Untracked 
|  53|0x0000000085300000, 0x0000000085300000, 0x0000000085400000|  0%| F|  |TAMS 0x0000000085300000, 0x0000000085300000| Untracked 
|  54|0x0000000085400000, 0x0000000085400000, 0x0000000085500000|  0%| F|  |TAMS 0x0000000085400000, 0x0000000085400000| Untracked 
|  55|0x0000000085500000, 0x0000000085500000, 0x0000000085600000|  0%| F|  |TAMS 0x0000000085500000, 0x0000000085500000| Untracked 
|  56|0x0000000085600000, 0x0000000085600000, 0x0000000085700000|  0%| F|  |TAMS 0x0000000085600000, 0x0000000085600000| Untracked 
|  57|0x0000000085700000, 0x0000000085700000, 0x0000000085800000|  0%| F|  |TAMS 0x0000000085700000, 0x0000000085700000| Untracked 
|  58|0x0000000085800000, 0x0000000085800000, 0x0000000085900000|  0%| F|  |TAMS 0x0000000085800000, 0x0000000085800000| Untracked 
|  59|0x0000000085900000, 0x0000000085900000, 0x0000000085a00000|  0%| F|  |TAMS 0x0000000085900000, 0x0000000085900000| Untracked 
|  60|0x0000000085a00000, 0x0000000085a00000, 0x0000000085b00000|  0%| F|  |TAMS 0x0000000085a00000, 0x0000000085a00000| Untracked 
|  61|0x0000000085b00000, 0x0000000085b00000, 0x0000000085c00000|  0%| F|  |TAMS 0x0000000085b00000, 0x0000000085b00000| Untracked 
|  62|0x0000000085c00000, 0x0000000085c00000, 0x0000000085d00000|  0%| F|  |TAMS 0x0000000085c00000, 0x0000000085c00000| Untracked 
|  63|0x0000000085d00000, 0x0000000085d00000, 0x0000000085e00000|  0%| F|  |TAMS 0x0000000085d00000, 0x0000000085d00000| Untracked 
|  64|0x0000000085e00000, 0x0000000085e00000, 0x0000000085f00000|  0%| F|  |TAMS 0x0000000085e00000, 0x0000000085e00000| Untracked 
|  65|0x0000000085f00000, 0x0000000085f00000, 0x0000000086000000|  0%| F|  |TAMS 0x0000000085f00000, 0x0000000085f00000| Untracked 
|  66|0x0000000086000000, 0x0000000086000000, 0x0000000086100000|  0%| F|  |TAMS 0x0000000086000000, 0x0000000086000000| Untracked 
|  67|0x0000000086100000, 0x0000000086100000, 0x0000000086200000|  0%| F|  |TAMS 0x0000000086100000, 0x0000000086100000| Untracked 
|  68|0x0000000086200000, 0x0000000086200000, 0x0000000086300000|  0%| F|  |TAMS 0x0000000086200000, 0x0000000086200000| Untracked 
|  69|0x0000000086300000, 0x0000000086300000, 0x0000000086400000|  0%| F|  |TAMS 0x0000000086300000, 0x0000000086300000| Untracked 
|  70|0x0000000086400000, 0x0000000086400000, 0x0000000086500000|  0%| F|  |TAMS 0x0000000086400000, 0x0000000086400000| Untracked 
|  71|0x0000000086500000, 0x0000000086500000, 0x0000000086600000|  0%| F|  |TAMS 0x0000000086500000, 0x0000000086500000| Untracked 
|  72|0x0000000086600000, 0x0000000086600000, 0x0000000086700000|  0%| F|  |TAMS 0x0000000086600000, 0x0000000086600000| Untracked 
|  73|0x0000000086700000, 0x0000000086700000, 0x0000000086800000|  0%| F|  |TAMS 0x0000000086700000, 0x0000000086700000| Untracked 
|  74|0x0000000086800000, 0x0000000086800000, 0x0000000086900000|  0%| F|  |TAMS 0x0000000086800000, 0x0000000086800000| Untracked 
|  75|0x0000000086900000, 0x0000000086900000, 0x0000000086a00000|  0%| F|  |TAMS 0x0000000086900000, 0x0000000086900000| Untracked 
|  76|0x0000000086a00000, 0x0000000086a00000, 0x0000000086b00000|  0%| F|  |TAMS 0x0000000086a00000, 0x0000000086a00000| Untracked 
|  77|0x0000000086b00000, 0x0000000086b00000, 0x0000000086c00000|  0%| F|  |TAMS 0x0000000086b00000, 0x0000000086b00000| Untracked 
|  78|0x0000000086c00000, 0x0000000086c00000, 0x0000000086d00000|  0%| F|  |TAMS 0x0000000086c00000, 0x0000000086c00000| Untracked 
|  79|0x0000000086d00000, 0x0000000086d00000, 0x0000000086e00000|  0%| F|  |TAMS 0x0000000086d00000, 0x0000000086d00000| Untracked 
|  80|0x0000000086e00000, 0x0000000086e00000, 0x0000000086f00000|  0%| F|  |TAMS 0x0000000086e00000, 0x0000000086e00000| Untracked 
|  81|0x0000000086f00000, 0x0000000086f00000, 0x0000000087000000|  0%| F|  |TAMS 0x0000000086f00000, 0x0000000086f00000| Untracked 
|  82|0x0000000087000000, 0x0000000087000000, 0x0000000087100000|  0%| F|  |TAMS 0x0000000087000000, 0x0000000087000000| Untracked 
|  83|0x0000000087100000, 0x0000000087100000, 0x0000000087200000|  0%| F|  |TAMS 0x0000000087100000, 0x0000000087100000| Untracked 
|  84|0x0000000087200000, 0x0000000087200000, 0x0000000087300000|  0%| F|  |TAMS 0x0000000087200000, 0x0000000087200000| Untracked 
|  85|0x0000000087300000, 0x0000000087400000, 0x0000000087400000|100%| S|CS|TAMS 0x0000000087300000, 0x0000000087300000| Complete 
|  86|0x0000000087400000, 0x0000000087500000, 0x0000000087500000|100%| S|CS|TAMS 0x0000000087400000, 0x0000000087400000| Complete 
|  87|0x0000000087500000, 0x0000000087600000, 0x0000000087600000|100%| S|CS|TAMS 0x0000000087500000, 0x0000000087500000| Complete 
|  88|0x0000000087600000, 0x0000000087700000, 0x0000000087700000|100%| S|CS|TAMS 0x0000000087600000, 0x0000000087600000| Complete 
|  89|0x0000000087700000, 0x0000000087800000, 0x0000000087800000|100%| S|CS|TAMS 0x0000000087700000, 0x0000000087700000| Complete 
|  90|0x0000000087800000, 0x0000000087900000, 0x0000000087900000|100%| S|CS|TAMS 0x0000000087800000, 0x0000000087800000| Complete 
|  91|0x0000000087900000, 0x0000000087a00000, 0x0000000087a00000|100%| S|CS|TAMS 0x0000000087900000, 0x0000000087900000| Complete 
|  92|0x0000000087a00000, 0x0000000087b00000, 0x0000000087b00000|100%| S|CS|TAMS 0x0000000087a00000, 0x0000000087a00000| Complete 
|  93|0x0000000087b00000, 0x0000000087c00000, 0x0000000087c00000|100%| S|CS|TAMS 0x0000000087b00000, 0x0000000087b00000| Complete 
|  94|0x0000000087c00000, 0x0000000087d00000, 0x0000000087d00000|100%| S|CS|TAMS 0x0000000087c00000, 0x0000000087c00000| Complete 
|  95|0x0000000087d00000, 0x0000000087e00000, 0x0000000087e00000|100%| S|CS|TAMS 0x0000000087d00000, 0x0000000087d00000| Complete 
|  96|0x0000000087e00000, 0x0000000087e00000, 0x0000000087f00000|  0%| F|  |TAMS 0x0000000087e00000, 0x0000000087e00000| Untracked 
|  97|0x0000000087f00000, 0x0000000087f00000, 0x0000000088000000|  0%| F|  |TAMS 0x0000000087f00000, 0x0000000087f00000| Untracked 
|  98|0x0000000088000000, 0x0000000088000000, 0x0000000088100000|  0%| F|  |TAMS 0x0000000088000000, 0x0000000088000000| Untracked 
|  99|0x0000000088100000, 0x0000000088100000, 0x0000000088200000|  0%| F|  |TAMS 0x0000000088100000, 0x0000000088100000| Untracked 
| 100|0x0000000088200000, 0x0000000088200000, 0x0000000088300000|  0%| F|  |TAMS 0x0000000088200000, 0x0000000088200000| Untracked 
| 101|0x0000000088300000, 0x0000000088300000, 0x0000000088400000|  0%| F|  |TAMS 0x0000000088300000, 0x0000000088300000| Untracked 
| 102|0x0000000088400000, 0x0000000088400000, 0x0000000088500000|  0%| F|  |TAMS 0x0000000088400000, 0x0000000088400000| Untracked 
| 103|0x0000000088500000, 0x0000000088500000, 0x0000000088600000|  0%| F|  |TAMS 0x0000000088500000, 0x0000000088500000| Untracked 
| 104|0x0000000088600000, 0x0000000088600000, 0x0000000088700000|  0%| F|  |TAMS 0x0000000088600000, 0x0000000088600000| Untracked 
| 105|0x0000000088700000, 0x0000000088700000, 0x0000000088800000|  0%| F|  |TAMS 0x0000000088700000, 0x0000000088700000| Untracked 
| 106|0x0000000088800000, 0x0000000088800000, 0x0000000088900000|  0%| F|  |TAMS 0x0000000088800000, 0x0000000088800000| Untracked 
| 107|0x0000000088900000, 0x0000000088900000, 0x0000000088a00000|  0%| F|  |TAMS 0x0000000088900000, 0x0000000088900000| Untracked 
| 108|0x0000000088a00000, 0x0000000088a00000, 0x0000000088b00000|  0%| F|  |TAMS 0x0000000088a00000, 0x0000000088a00000| Untracked 
| 109|0x0000000088b00000, 0x0000000088b00000, 0x0000000088c00000|  0%| F|  |TAMS 0x0000000088b00000, 0x0000000088b00000| Untracked 
| 110|0x0000000088c00000, 0x0000000088c00000, 0x0000000088d00000|  0%| F|  |TAMS 0x0000000088c00000, 0x0000000088c00000| Untracked 
| 111|0x0000000088d00000, 0x0000000088d00000, 0x0000000088e00000|  0%| F|  |TAMS 0x0000000088d00000, 0x0000000088d00000| Untracked 
| 112|0x0000000088e00000, 0x0000000088e00000, 0x0000000088f00000|  0%| F|  |TAMS 0x0000000088e00000, 0x0000000088e00000| Untracked 
| 113|0x0000000088f00000, 0x0000000088f00000, 0x0000000089000000|  0%| F|  |TAMS 0x0000000088f00000, 0x0000000088f00000| Untracked 
| 114|0x0000000089000000, 0x0000000089000000, 0x0000000089100000|  0%| F|  |TAMS 0x0000000089000000, 0x0000000089000000| Untracked 
| 115|0x0000000089100000, 0x0000000089100000, 0x0000000089200000|  0%| F|  |TAMS 0x0000000089100000, 0x0000000089100000| Untracked 
| 116|0x0000000089200000, 0x0000000089200000, 0x0000000089300000|  0%| F|  |TAMS 0x0000000089200000, 0x0000000089200000| Untracked 
| 117|0x0000000089300000, 0x0000000089300000, 0x0000000089400000|  0%| F|  |TAMS 0x0000000089300000, 0x0000000089300000| Untracked 
| 118|0x0000000089400000, 0x0000000089400000, 0x0000000089500000|  0%| F|  |TAMS 0x0000000089400000, 0x0000000089400000| Untracked 
| 119|0x0000000089500000, 0x0000000089500000, 0x0000000089600000|  0%| F|  |TAMS 0x0000000089500000, 0x0000000089500000| Untracked 
| 120|0x0000000089600000, 0x0000000089600000, 0x0000000089700000|  0%| F|  |TAMS 0x0000000089600000, 0x0000000089600000| Untracked 
| 121|0x0000000089700000, 0x0000000089700000, 0x0000000089800000|  0%| F|  |TAMS 0x0000000089700000, 0x0000000089700000| Untracked 
| 122|0x0000000089800000, 0x0000000089800000, 0x0000000089900000|  0%| F|  |TAMS 0x0000000089800000, 0x0000000089800000| Untracked 
| 123|0x0000000089900000, 0x0000000089900000, 0x0000000089a00000|  0%| F|  |TAMS 0x0000000089900000, 0x0000000089900000| Untracked 
| 124|0x0000000089a00000, 0x0000000089a00000, 0x0000000089b00000|  0%| F|  |TAMS 0x0000000089a00000, 0x0000000089a00000| Untracked 
| 125|0x0000000089b00000, 0x0000000089b00000, 0x0000000089c00000|  0%| F|  |TAMS 0x0000000089b00000, 0x0000000089b00000| Untracked 
| 126|0x0000000089c00000, 0x0000000089c00000, 0x0000000089d00000|  0%| F|  |TAMS 0x0000000089c00000, 0x0000000089c00000| Untracked 
| 127|0x0000000089d00000, 0x0000000089d00000, 0x0000000089e00000|  0%| F|  |TAMS 0x0000000089d00000, 0x0000000089d00000| Untracked 
| 128|0x0000000089e00000, 0x0000000089e00000, 0x0000000089f00000|  0%| F|  |TAMS 0x0000000089e00000, 0x0000000089e00000| Untracked 
| 129|0x0000000089f00000, 0x0000000089f00000, 0x000000008a000000|  0%| F|  |TAMS 0x0000000089f00000, 0x0000000089f00000| Untracked 
| 130|0x000000008a000000, 0x000000008a000000, 0x000000008a100000|  0%| F|  |TAMS 0x000000008a000000, 0x000000008a000000| Untracked 
| 131|0x000000008a100000, 0x000000008a100000, 0x000000008a200000|  0%| F|  |TAMS 0x000000008a100000, 0x000000008a100000| Untracked 
| 132|0x000000008a200000, 0x000000008a200000, 0x000000008a300000|  0%| F|  |TAMS 0x000000008a200000, 0x000000008a200000| Untracked 
| 133|0x000000008a300000, 0x000000008a300000, 0x000000008a400000|  0%| F|  |TAMS 0x000000008a300000, 0x000000008a300000| Untracked 
| 134|0x000000008a400000, 0x000000008a400000, 0x000000008a500000|  0%| F|  |TAMS 0x000000008a400000, 0x000000008a400000| Untracked 
| 135|0x000000008a500000, 0x000000008a500000, 0x000000008a600000|  0%| F|  |TAMS 0x000000008a500000, 0x000000008a500000| Untracked 
| 136|0x000000008a600000, 0x000000008a600000, 0x000000008a700000|  0%| F|  |TAMS 0x000000008a600000, 0x000000008a600000| Untracked 
| 137|0x000000008a700000, 0x000000008a700000, 0x000000008a800000|  0%| F|  |TAMS 0x000000008a700000, 0x000000008a700000| Untracked 
| 138|0x000000008a800000, 0x000000008a800000, 0x000000008a900000|  0%| F|  |TAMS 0x000000008a800000, 0x000000008a800000| Untracked 
| 139|0x000000008a900000, 0x000000008a900000, 0x000000008aa00000|  0%| F|  |TAMS 0x000000008a900000, 0x000000008a900000| Untracked 
| 140|0x000000008aa00000, 0x000000008aa00000, 0x000000008ab00000|  0%| F|  |TAMS 0x000000008aa00000, 0x000000008aa00000| Untracked 
| 141|0x000000008ab00000, 0x000000008ab00000, 0x000000008ac00000|  0%| F|  |TAMS 0x000000008ab00000, 0x000000008ab00000| Untracked 
| 142|0x000000008ac00000, 0x000000008ac00000, 0x000000008ad00000|  0%| F|  |TAMS 0x000000008ac00000, 0x000000008ac00000| Untracked 
| 143|0x000000008ad00000, 0x000000008ad00000, 0x000000008ae00000|  0%| F|  |TAMS 0x000000008ad00000, 0x000000008ad00000| Untracked 
| 144|0x000000008ae00000, 0x000000008ae00000, 0x000000008af00000|  0%| F|  |TAMS 0x000000008ae00000, 0x000000008ae00000| Untracked 
| 145|0x000000008af00000, 0x000000008af00000, 0x000000008b000000|  0%| F|  |TAMS 0x000000008af00000, 0x000000008af00000| Untracked 
| 146|0x000000008b000000, 0x000000008b000000, 0x000000008b100000|  0%| F|  |TAMS 0x000000008b000000, 0x000000008b000000| Untracked 
| 147|0x000000008b100000, 0x000000008b100000, 0x000000008b200000|  0%| F|  |TAMS 0x000000008b100000, 0x000000008b100000| Untracked 
| 148|0x000000008b200000, 0x000000008b200000, 0x000000008b300000|  0%| F|  |TAMS 0x000000008b200000, 0x000000008b200000| Untracked 
| 149|0x000000008b300000, 0x000000008b300000, 0x000000008b400000|  0%| F|  |TAMS 0x000000008b300000, 0x000000008b300000| Untracked 
| 150|0x000000008b400000, 0x000000008b400000, 0x000000008b500000|  0%| F|  |TAMS 0x000000008b400000, 0x000000008b400000| Untracked 
| 151|0x000000008b500000, 0x000000008b500000, 0x000000008b600000|  0%| F|  |TAMS 0x000000008b500000, 0x000000008b500000| Untracked 
| 152|0x000000008b600000, 0x000000008b600000, 0x000000008b700000|  0%| F|  |TAMS 0x000000008b600000, 0x000000008b600000| Untracked 
| 153|0x000000008b700000, 0x000000008b700000, 0x000000008b800000|  0%| F|  |TAMS 0x000000008b700000, 0x000000008b700000| Untracked 
| 154|0x000000008b800000, 0x000000008b800000, 0x000000008b900000|  0%| F|  |TAMS 0x000000008b800000, 0x000000008b800000| Untracked 
| 155|0x000000008b900000, 0x000000008b900000, 0x000000008ba00000|  0%| F|  |TAMS 0x000000008b900000, 0x000000008b900000| Untracked 
| 156|0x000000008ba00000, 0x000000008ba00000, 0x000000008bb00000|  0%| F|  |TAMS 0x000000008ba00000, 0x000000008ba00000| Untracked 
| 157|0x000000008bb00000, 0x000000008bb00000, 0x000000008bc00000|  0%| F|  |TAMS 0x000000008bb00000, 0x000000008bb00000| Untracked 
| 158|0x000000008bc00000, 0x000000008bc00000, 0x000000008bd00000|  0%| F|  |TAMS 0x000000008bc00000, 0x000000008bc00000| Untracked 
| 159|0x000000008bd00000, 0x000000008bd00000, 0x000000008be00000|  0%| F|  |TAMS 0x000000008bd00000, 0x000000008bd00000| Untracked 
| 160|0x000000008be00000, 0x000000008be00000, 0x000000008bf00000|  0%| F|  |TAMS 0x000000008be00000, 0x000000008be00000| Untracked 
| 161|0x000000008bf00000, 0x000000008bf00000, 0x000000008c000000|  0%| F|  |TAMS 0x000000008bf00000, 0x000000008bf00000| Untracked 
| 162|0x000000008c000000, 0x000000008c000000, 0x000000008c100000|  0%| F|  |TAMS 0x000000008c000000, 0x000000008c000000| Untracked 
| 163|0x000000008c100000, 0x000000008c100000, 0x000000008c200000|  0%| F|  |TAMS 0x000000008c100000, 0x000000008c100000| Untracked 
| 164|0x000000008c200000, 0x000000008c200000, 0x000000008c300000|  0%| F|  |TAMS 0x000000008c200000, 0x000000008c200000| Untracked 
| 165|0x000000008c300000, 0x000000008c300000, 0x000000008c400000|  0%| F|  |TAMS 0x000000008c300000, 0x000000008c300000| Untracked 
| 166|0x000000008c400000, 0x000000008c400000, 0x000000008c500000|  0%| F|  |TAMS 0x000000008c400000, 0x000000008c400000| Untracked 
| 167|0x000000008c500000, 0x000000008c500000, 0x000000008c600000|  0%| F|  |TAMS 0x000000008c500000, 0x000000008c500000| Untracked 
| 168|0x000000008c600000, 0x000000008c600000, 0x000000008c700000|  0%| F|  |TAMS 0x000000008c600000, 0x000000008c600000| Untracked 
| 169|0x000000008c700000, 0x000000008c700000, 0x000000008c800000|  0%| F|  |TAMS 0x000000008c700000, 0x000000008c700000| Untracked 
| 170|0x000000008c800000, 0x000000008c800000, 0x000000008c900000|  0%| F|  |TAMS 0x000000008c800000, 0x000000008c800000| Untracked 
| 171|0x000000008c900000, 0x000000008c900000, 0x000000008ca00000|  0%| F|  |TAMS 0x000000008c900000, 0x000000008c900000| Untracked 
| 172|0x000000008ca00000, 0x000000008ca00000, 0x000000008cb00000|  0%| F|  |TAMS 0x000000008ca00000, 0x000000008ca00000| Untracked 
| 173|0x000000008cb00000, 0x000000008cb00000, 0x000000008cc00000|  0%| F|  |TAMS 0x000000008cb00000, 0x000000008cb00000| Untracked 
| 174|0x000000008cc00000, 0x000000008cc00000, 0x000000008cd00000|  0%| F|  |TAMS 0x000000008cc00000, 0x000000008cc00000| Untracked 
| 175|0x000000008cd00000, 0x000000008cd00000, 0x000000008ce00000|  0%| F|  |TAMS 0x000000008cd00000, 0x000000008cd00000| Untracked 
| 176|0x000000008ce00000, 0x000000008ce00000, 0x000000008cf00000|  0%| F|  |TAMS 0x000000008ce00000, 0x000000008ce00000| Untracked 
| 177|0x000000008cf00000, 0x000000008cf00000, 0x000000008d000000|  0%| F|  |TAMS 0x000000008cf00000, 0x000000008cf00000| Untracked 
| 178|0x000000008d000000, 0x000000008d000000, 0x000000008d100000|  0%| F|  |TAMS 0x000000008d000000, 0x000000008d000000| Untracked 
| 179|0x000000008d100000, 0x000000008d100000, 0x000000008d200000|  0%| F|  |TAMS 0x000000008d100000, 0x000000008d100000| Untracked 
| 180|0x000000008d200000, 0x000000008d200000, 0x000000008d300000|  0%| F|  |TAMS 0x000000008d200000, 0x000000008d200000| Untracked 
| 181|0x000000008d300000, 0x000000008d300000, 0x000000008d400000|  0%| F|  |TAMS 0x000000008d300000, 0x000000008d300000| Untracked 
| 182|0x000000008d400000, 0x000000008d400000, 0x000000008d500000|  0%| F|  |TAMS 0x000000008d400000, 0x000000008d400000| Untracked 
| 183|0x000000008d500000, 0x000000008d500000, 0x000000008d600000|  0%| F|  |TAMS 0x000000008d500000, 0x000000008d500000| Untracked 
| 184|0x000000008d600000, 0x000000008d600000, 0x000000008d700000|  0%| F|  |TAMS 0x000000008d600000, 0x000000008d600000| Untracked 
| 185|0x000000008d700000, 0x000000008d700000, 0x000000008d800000|  0%| F|  |TAMS 0x000000008d700000, 0x000000008d700000| Untracked 
| 186|0x000000008d800000, 0x000000008d800000, 0x000000008d900000|  0%| F|  |TAMS 0x000000008d800000, 0x000000008d800000| Untracked 
| 187|0x000000008d900000, 0x000000008d900000, 0x000000008da00000|  0%| F|  |TAMS 0x000000008d900000, 0x000000008d900000| Untracked 
| 188|0x000000008da00000, 0x000000008da00000, 0x000000008db00000|  0%| F|  |TAMS 0x000000008da00000, 0x000000008da00000| Untracked 
| 189|0x000000008db00000, 0x000000008db00000, 0x000000008dc00000|  0%| F|  |TAMS 0x000000008db00000, 0x000000008db00000| Untracked 
| 190|0x000000008dc00000, 0x000000008dc00000, 0x000000008dd00000|  0%| F|  |TAMS 0x000000008dc00000, 0x000000008dc00000| Untracked 
| 191|0x000000008dd00000, 0x000000008dd00000, 0x000000008de00000|  0%| F|  |TAMS 0x000000008dd00000, 0x000000008dd00000| Untracked 
| 192|0x000000008de00000, 0x000000008de00000, 0x000000008df00000|  0%| F|  |TAMS 0x000000008de00000, 0x000000008de00000| Untracked 
| 193|0x000000008df00000, 0x000000008df00000, 0x000000008e000000|  0%| F|  |TAMS 0x000000008df00000, 0x000000008df00000| Untracked 
| 194|0x000000008e000000, 0x000000008e000000, 0x000000008e100000|  0%| F|  |TAMS 0x000000008e000000, 0x000000008e000000| Untracked 
| 195|0x000000008e100000, 0x000000008e100000, 0x000000008e200000|  0%| F|  |TAMS 0x000000008e100000, 0x000000008e100000| Untracked 
| 196|0x000000008e200000, 0x000000008e200000, 0x000000008e300000|  0%| F|  |TAMS 0x000000008e200000, 0x000000008e200000| Untracked 
| 197|0x000000008e300000, 0x000000008e300000, 0x000000008e400000|  0%| F|  |TAMS 0x000000008e300000, 0x000000008e300000| Untracked 
| 198|0x000000008e400000, 0x000000008e400000, 0x000000008e500000|  0%| F|  |TAMS 0x000000008e400000, 0x000000008e400000| Untracked 
| 199|0x000000008e500000, 0x000000008e500000, 0x000000008e600000|  0%| F|  |TAMS 0x000000008e500000, 0x000000008e500000| Untracked 
| 200|0x000000008e600000, 0x000000008e600000, 0x000000008e700000|  0%| F|  |TAMS 0x000000008e600000, 0x000000008e600000| Untracked 
| 201|0x000000008e700000, 0x000000008e700000, 0x000000008e800000|  0%| F|  |TAMS 0x000000008e700000, 0x000000008e700000| Untracked 
| 202|0x000000008e800000, 0x000000008e800000, 0x000000008e900000|  0%| F|  |TAMS 0x000000008e800000, 0x000000008e800000| Untracked 
| 203|0x000000008e900000, 0x000000008e900000, 0x000000008ea00000|  0%| F|  |TAMS 0x000000008e900000, 0x000000008e900000| Untracked 
| 204|0x000000008ea00000, 0x000000008ea00000, 0x000000008eb00000|  0%| F|  |TAMS 0x000000008ea00000, 0x000000008ea00000| Untracked 
| 205|0x000000008eb00000, 0x000000008eb00000, 0x000000008ec00000|  0%| F|  |TAMS 0x000000008eb00000, 0x000000008eb00000| Untracked 
| 206|0x000000008ec00000, 0x000000008ec00000, 0x000000008ed00000|  0%| F|  |TAMS 0x000000008ec00000, 0x000000008ec00000| Untracked 
| 207|0x000000008ed00000, 0x000000008ed00000, 0x000000008ee00000|  0%| F|  |TAMS 0x000000008ed00000, 0x000000008ed00000| Untracked 
| 208|0x000000008ee00000, 0x000000008ee00000, 0x000000008ef00000|  0%| F|  |TAMS 0x000000008ee00000, 0x000000008ee00000| Untracked 
| 209|0x000000008ef00000, 0x000000008ef00000, 0x000000008f000000|  0%| F|  |TAMS 0x000000008ef00000, 0x000000008ef00000| Untracked 
| 210|0x000000008f000000, 0x000000008f000000, 0x000000008f100000|  0%| F|  |TAMS 0x000000008f000000, 0x000000008f000000| Untracked 
| 211|0x000000008f100000, 0x000000008f100000, 0x000000008f200000|  0%| F|  |TAMS 0x000000008f100000, 0x000000008f100000| Untracked 
| 212|0x000000008f200000, 0x000000008f200000, 0x000000008f300000|  0%| F|  |TAMS 0x000000008f200000, 0x000000008f200000| Untracked 
| 213|0x000000008f300000, 0x000000008f300000, 0x000000008f400000|  0%| F|  |TAMS 0x000000008f300000, 0x000000008f300000| Untracked 
| 214|0x000000008f400000, 0x000000008f400000, 0x000000008f500000|  0%| F|  |TAMS 0x000000008f400000, 0x000000008f400000| Untracked 
| 215|0x000000008f500000, 0x000000008f500000, 0x000000008f600000|  0%| F|  |TAMS 0x000000008f500000, 0x000000008f500000| Untracked 
| 216|0x000000008f600000, 0x000000008f600000, 0x000000008f700000|  0%| F|  |TAMS 0x000000008f600000, 0x000000008f600000| Untracked 
| 217|0x000000008f700000, 0x000000008f700000, 0x000000008f800000|  0%| F|  |TAMS 0x000000008f700000, 0x000000008f700000| Untracked 
| 218|0x000000008f800000, 0x000000008f800000, 0x000000008f900000|  0%| F|  |TAMS 0x000000008f800000, 0x000000008f800000| Untracked 
| 219|0x000000008f900000, 0x000000008f900000, 0x000000008fa00000|  0%| F|  |TAMS 0x000000008f900000, 0x000000008f900000| Untracked 
| 220|0x000000008fa00000, 0x000000008fa00000, 0x000000008fb00000|  0%| F|  |TAMS 0x000000008fa00000, 0x000000008fa00000| Untracked 
| 221|0x000000008fb00000, 0x000000008fb00000, 0x000000008fc00000|  0%| F|  |TAMS 0x000000008fb00000, 0x000000008fb00000| Untracked 
| 222|0x000000008fc00000, 0x000000008fc00000, 0x000000008fd00000|  0%| F|  |TAMS 0x000000008fc00000, 0x000000008fc00000| Untracked 
| 223|0x000000008fd00000, 0x000000008fd00000, 0x000000008fe00000|  0%| F|  |TAMS 0x000000008fd00000, 0x000000008fd00000| Untracked 
| 224|0x000000008fe00000, 0x000000008fe00000, 0x000000008ff00000|  0%| F|  |TAMS 0x000000008fe00000, 0x000000008fe00000| Untracked 
| 225|0x000000008ff00000, 0x000000008ff00000, 0x0000000090000000|  0%| F|  |TAMS 0x000000008ff00000, 0x000000008ff00000| Untracked 
| 226|0x0000000090000000, 0x0000000090000000, 0x0000000090100000|  0%| F|  |TAMS 0x0000000090000000, 0x0000000090000000| Untracked 
| 227|0x0000000090100000, 0x0000000090100000, 0x0000000090200000|  0%| F|  |TAMS 0x0000000090100000, 0x0000000090100000| Untracked 
| 228|0x0000000090200000, 0x0000000090200000, 0x0000000090300000|  0%| F|  |TAMS 0x0000000090200000, 0x0000000090200000| Untracked 
| 229|0x0000000090300000, 0x0000000090300000, 0x0000000090400000|  0%| F|  |TAMS 0x0000000090300000, 0x0000000090300000| Untracked 
| 230|0x0000000090400000, 0x0000000090400000, 0x0000000090500000|  0%| F|  |TAMS 0x0000000090400000, 0x0000000090400000| Untracked 
| 231|0x0000000090500000, 0x0000000090500000, 0x0000000090600000|  0%| F|  |TAMS 0x0000000090500000, 0x0000000090500000| Untracked 
| 232|0x0000000090600000, 0x0000000090600000, 0x0000000090700000|  0%| F|  |TAMS 0x0000000090600000, 0x0000000090600000| Untracked 
| 233|0x0000000090700000, 0x0000000090700000, 0x0000000090800000|  0%| F|  |TAMS 0x0000000090700000, 0x0000000090700000| Untracked 
| 234|0x0000000090800000, 0x0000000090800000, 0x0000000090900000|  0%| F|  |TAMS 0x0000000090800000, 0x0000000090800000| Untracked 
| 235|0x0000000090900000, 0x0000000090900000, 0x0000000090a00000|  0%| F|  |TAMS 0x0000000090900000, 0x0000000090900000| Untracked 
| 236|0x0000000090a00000, 0x0000000090a00000, 0x0000000090b00000|  0%| F|  |TAMS 0x0000000090a00000, 0x0000000090a00000| Untracked 
| 237|0x0000000090b00000, 0x0000000090b00000, 0x0000000090c00000|  0%| F|  |TAMS 0x0000000090b00000, 0x0000000090b00000| Untracked 
| 238|0x0000000090c00000, 0x0000000090c00000, 0x0000000090d00000|  0%| F|  |TAMS 0x0000000090c00000, 0x0000000090c00000| Untracked 
| 239|0x0000000090d00000, 0x0000000090d00000, 0x0000000090e00000|  0%| F|  |TAMS 0x0000000090d00000, 0x0000000090d00000| Untracked 
| 240|0x0000000090e00000, 0x0000000090e00000, 0x0000000090f00000|  0%| F|  |TAMS 0x0000000090e00000, 0x0000000090e00000| Untracked 

Card table byte_map: [0x0000018b4ecc0000,0x0000018b4f0c0000] _byte_map_base: 0x0000018b4e8b1000

Marking Bits (Prev, Next): (CMBitMap*) 0x0000018b37f042f0, (CMBitMap*) 0x0000018b37f042b8
 Prev Bits: [0x0000018b51450000, 0x0000018b533d8000)
 Next Bits: [0x0000018b4f4c0000, 0x0000018b51448000)

Polling page: 0x0000018b35d50000

Metaspace:

Usage:
  Non-class:     26.07 MB capacity,    25.72 MB ( 99%) used,   284.88 KB (  1%) free+waste,    70.81 KB ( <1%) overhead. 
      Class:      4.14 MB capacity,     3.89 MB ( 94%) used,   220.01 KB (  5%) free+waste,    34.56 KB ( <1%) overhead. 
       Both:     30.21 MB capacity,    29.61 MB ( 98%) used,   504.89 KB (  2%) free+waste,   105.38 KB ( <1%) overhead. 

Virtual space:
  Non-class space:       28.00 MB reserved,      26.25 MB ( 94%) committed 
      Class space:        1.00 GB reserved,       4.25 MB ( <1%) committed 
             Both:        1.03 GB reserved,      30.50 MB (  3%) committed 

Chunk freelists:
   Non-Class:  6.88 KB
       Class:  2.00 KB
        Both:  8.88 KB

CodeHeap 'non-profiled nmethods': size=120000Kb used=1861Kb max_used=1861Kb free=118138Kb
 bounds [0x0000018b47050000, 0x0000018b472c0000, 0x0000018b4e580000]
CodeHeap 'profiled nmethods': size=120000Kb used=5491Kb max_used=5491Kb free=114509Kb
 bounds [0x0000018b3fb20000, 0x0000018b40080000, 0x0000018b47050000]
CodeHeap 'non-nmethods': size=5760Kb used=1140Kb max_used=1192Kb free=4619Kb
 bounds [0x0000018b3f580000, 0x0000018b3f7f0000, 0x0000018b3fb20000]
 total_blobs=3275 nmethods=2803 adapters=383
 compilation: enabled
              stopped_count=0, restarted_count=0
 full_count=0

Compilation events (10 events):
Event: 4.893 Thread 0x0000018b56af7800 nmethod 2832 0x0000018b47220a10 code [0x0000018b47220ba0, 0x0000018b47220d78]
Event: 4.893 Thread 0x0000018b56af7800 2817       4       java.util.stream.ReferencePipeline$2::opWrapSink (10 bytes)
Event: 4.896 Thread 0x0000018b56af7800 nmethod 2817 0x0000018b47220e90 code [0x0000018b47221020, 0x0000018b472211f8]
Event: 4.896 Thread 0x0000018b56af7800 2841       4       java.lang.String::equals (65 bytes)
Event: 4.899 Thread 0x0000018b56af7800 nmethod 2841 0x0000018b47221310 code [0x0000018b47221480, 0x0000018b472216f8]
Event: 4.899 Thread 0x0000018b56af7800 2810       4       org.reflections.scanners.Scanners::scan (43 bytes)
Event: 4.905 Thread 0x0000018b567b1000 2843       3       java.io.DataInputStream::readLong (128 bytes)
Event: 4.906 Thread 0x0000018b567b1000 nmethod 2843 0x0000018b4007c210 code [0x0000018b4007c3c0, 0x0000018b4007c6c8]
Event: 4.945 Thread 0x0000018b567b1000 2845       3       jdk.internal.misc.Unsafe::putLong (8 bytes)
Event: 4.946 Thread 0x0000018b567b1000 nmethod 2845 0x0000018b4007c890 code [0x0000018b4007ca20, 0x0000018b4007cb38]

GC Heap History (10 events):
Event: 2.798 GC heap after
{Heap after GC invocations=12 (full 0):
 garbage-first heap   total 189440K, used 13857K [0x0000000081e00000, 0x0000000100000000)
  region size 1024K, 7 young (7168K), 7 survivors (7168K)
 Metaspace       used 17580K, capacity 18134K, committed 18432K, reserved 1064960K
  class space    used 1965K, capacity 2193K, committed 2304K, reserved 1048576K
}
Event: 3.012 GC heap before
{Heap before GC invocations=12 (full 0):
 garbage-first heap   total 189440K, used 120353K [0x0000000081e00000, 0x0000000100000000)
  region size 1024K, 111 young (113664K), 7 survivors (7168K)
 Metaspace       used 18551K, capacity 19170K, committed 19328K, reserved 1067008K
  class space    used 2085K, capacity 2326K, committed 2432K, reserved 1048576K
}
Event: 3.021 GC heap after
{Heap after GC invocations=13 (full 0):
 garbage-first heap   total 246784K, used 14196K [0x0000000081e00000, 0x0000000100000000)
  region size 1024K, 7 young (7168K), 7 survivors (7168K)
 Metaspace       used 18551K, capacity 19170K, committed 19328K, reserved 1067008K
  class space    used 2085K, capacity 2326K, committed 2432K, reserved 1048576K
}
Event: 3.238 GC heap before
{Heap before GC invocations=13 (full 0):
 garbage-first heap   total 246784K, used 74612K [0x0000000081e00000, 0x0000000100000000)
  region size 1024K, 67 young (68608K), 7 survivors (7168K)
 Metaspace       used 20657K, capacity 21190K, committed 21248K, reserved 1069056K
  class space    used 2354K, capacity 2552K, committed 2560K, reserved 1048576K
}
Event: 3.244 GC heap after
{Heap after GC invocations=14 (full 0):
 garbage-first heap   total 246784K, used 14852K [0x0000000081e00000, 0x0000000100000000)
  region size 1024K, 8 young (8192K), 8 survivors (8192K)
 Metaspace       used 20657K, capacity 21190K, committed 21248K, reserved 1069056K
  class space    used 2354K, capacity 2552K, committed 2560K, reserved 1048576K
}
Event: 4.563 GC heap before
{Heap before GC invocations=15 (full 0):
 garbage-first heap   total 246784K, used 153092K [0x0000000081e00000, 0x0000000100000000)
  region size 1024K, 145 young (148480K), 8 survivors (8192K)
 Metaspace       used 30289K, capacity 30932K, committed 31228K, reserved 1077248K
  class space    used 3985K, capacity 4240K, committed 4352K, reserved 1048576K
}
Event: 4.578 GC heap after
{Heap after GC invocations=16 (full 0):
 garbage-first heap   total 246784K, used 20773K [0x0000000081e00000, 0x0000000100000000)
  region size 1024K, 14 young (14336K), 14 survivors (14336K)
 Metaspace       used 30289K, capacity 30932K, committed 31228K, reserved 1077248K
  class space    used 3985K, capacity 4240K, committed 4352K, reserved 1048576K
}
Event: 4.758 GC heap before
{Heap before GC invocations=16 (full 0):
 garbage-first heap   total 246784K, used 152869K [0x0000000081e00000, 0x0000000100000000)
  region size 1024K, 145 young (148480K), 14 survivors (14336K)
 Metaspace       used 30318K, capacity 30932K, committed 31228K, reserved 1077248K
  class space    used 3985K, capacity 4240K, committed 4352K, reserved 1048576K
}
Event: 4.774 GC heap after
{Heap after GC invocations=17 (full 0):
 garbage-first heap   total 246784K, used 22470K [0x0000000081e00000, 0x0000000100000000)
  region size 1024K, 11 young (11264K), 11 survivors (11264K)
 Metaspace       used 30318K, capacity 30932K, committed 31228K, reserved 1077248K
  class space    used 3985K, capacity 4240K, committed 4352K, reserved 1048576K
}
Event: 4.961 GC heap before
{Heap before GC invocations=17 (full 0):
 garbage-first heap   total 246784K, used 158662K [0x0000000081e00000, 0x0000000100000000)
  region size 1024K, 145 young (148480K), 11 survivors (11264K)
 Metaspace       used 30322K, capacity 30933K, committed 31228K, reserved 1077248K
  class space    used 3985K, capacity 4240K, committed 4352K, reserved 1048576K
}

Deoptimization events (10 events):
Event: 4.441 Thread 0x0000018b57809800 Uncommon trap: reason=class_check action=maybe_recompile pc=0x0000018b4714b464 method=java.lang.String.join(Ljava/lang/CharSequence;Ljava/lang/Iterable;)Ljava/lang/String; @ 20 c2
Event: 4.470 Thread 0x0000018b5a6a3800 Uncommon trap: reason=unstable_if action=reinterpret pc=0x0000018b471bada8 method=java.util.stream.AbstractPipeline.<init>(Ljava/util/stream/AbstractPipeline;I)V @ 69 c2
Event: 4.470 Thread 0x0000018b5a6a3800 Uncommon trap: reason=unstable_if action=reinterpret pc=0x0000018b471a4974 method=java.util.HashMap$KeySpliterator.forEachRemaining(Ljava/util/function/Consumer;)V @ 31 c2
Event: 4.470 Thread 0x0000018b5a6a3800 Uncommon trap: reason=unstable_if action=reinterpret pc=0x0000018b471dc99c method=java.util.stream.AbstractPipeline.evaluate(Ljava/util/stream/TerminalOp;)Ljava/lang/Object; @ 53 c2
Event: 4.470 Thread 0x0000018b5a6a3800 Uncommon trap: reason=unstable_if action=reinterpret pc=0x0000018b47135f8c method=java.util.stream.AbstractPipeline.sourceSpliterator(I)Ljava/util/Spliterator; @ 82 c2
Event: 4.852 Thread 0x0000018b57f89000 Uncommon trap: reason=bimorphic_or_optimized_type_check action=maybe_recompile pc=0x0000018b470e51d8 method=java.util.regex.Pattern$Slice.match(Ljava/util/regex/Matcher;ILjava/lang/CharSequence;)Z @ 75 c2
Event: 4.852 Thread 0x0000018b57f89000 Uncommon trap: reason=class_check action=maybe_recompile pc=0x0000018b470c30c0 method=java.util.regex.Pattern$Branch.match(Ljava/util/regex/Matcher;ILjava/lang/CharSequence;)Z @ 50 c2
Event: 4.852 Thread 0x0000018b57f89000 Uncommon trap: reason=bimorphic_or_optimized_type_check action=maybe_recompile pc=0x0000018b470e51d8 method=java.util.regex.Pattern$Slice.match(Ljava/util/regex/Matcher;ILjava/lang/CharSequence;)Z @ 75 c2
Event: 4.852 Thread 0x0000018b57f89000 Uncommon trap: reason=class_check action=maybe_recompile pc=0x0000018b470c30c0 method=java.util.regex.Pattern$Branch.match(Ljava/util/regex/Matcher;ILjava/lang/CharSequence;)Z @ 50 c2
Event: 4.889 Thread 0x0000018b57f88000 Uncommon trap: reason=unstable_if action=reinterpret pc=0x0000018b471881a0 method=javassist.bytecode.AttributeInfo.read(Ljavassist/bytecode/ConstPool;Ljava/io/DataInputStream;)Ljavassist/bytecode/AttributeInfo; @ 265 c2

Classes redefined (0 events):
No events

Internal exceptions (10 events):
Event: 3.304 Thread 0x0000018b57809800 Exception <a 'java/lang/NoSuchMethodError'{0x000000009050e410}: java.lang.invoke.DirectMethodHandle$Holder.invokeInterface(Ljava/lang/Object;Ljava/lang/Object;)I> (0x000000009050e410) thrown at [./open/src/hotspot/share/interpreter/linkResolver.cpp, line 
Event: 3.309 Thread 0x0000018b57809800 Exception <a 'java/lang/NoSuchMethodError'{0x0000000090514278}: java.lang.invoke.DirectMethodHandle$Holder.invokeStatic(Ljava/lang/Object;JJ)J> (0x0000000090514278) thrown at [./open/src/hotspot/share/interpreter/linkResolver.cpp, line 772]
Event: 3.318 Thread 0x0000018b57809800 Exception <a 'java/lang/IncompatibleClassChangeError'{0x000000009055c328}: Found class java.lang.Object, but interface was expected> (0x000000009055c328) thrown at [./open/src/hotspot/share/interpreter/linkResolver.cpp, line 838]
Event: 3.365 Thread 0x0000018b57809800 Exception <a 'java/lang/NoSuchMethodError'{0x00000000904edaa8}: java.lang.invoke.DirectMethodHandle$Holder.invokeInterface(Ljava/lang/Object;Ljava/lang/Object;Ljava/lang/Object;)Ljava/lang/Object;> (0x00000000904edaa8) thrown at [./open/src/hotspot/share/
Event: 3.366 Thread 0x0000018b57809800 Exception <a 'java/lang/IncompatibleClassChangeError'{0x00000000904f0788}: Found class java.lang.Object, but interface was expected> (0x00000000904f0788) thrown at [./open/src/hotspot/share/interpreter/linkResolver.cpp, line 838]
Event: 4.396 Thread 0x0000018b57809800 Exception <a 'java/lang/IncompatibleClassChangeError'{0x000000008ca82f68}: Found class java.lang.Object, but interface was expected> (0x000000008ca82f68) thrown at [./open/src/hotspot/share/interpreter/linkResolver.cpp, line 838]
Event: 4.399 Thread 0x0000018b57809800 Exception <a 'java/lang/IncompatibleClassChangeError'{0x000000008ca8bcf8}: Found class java.lang.Object, but interface was expected> (0x000000008ca8bcf8) thrown at [./open/src/hotspot/share/interpreter/linkResolver.cpp, line 838]
Event: 4.399 Thread 0x0000018b57809800 Exception <a 'java/lang/NoSuchMethodError'{0x000000008ca915f8}: java.lang.invoke.DirectMethodHandle$Holder.invokeSpecialIFC(Ljava/lang/Object;Ljava/lang/Object;Ljava/lang/Object;Ljava/lang/Object;Ljava/lang/Object;)Ljava/lang/Object;> (0x000000008ca915f8)
Event: 4.401 Thread 0x0000018b57809800 Exception <a 'java/lang/NoSuchMethodError'{0x000000008caa01c0}: java.lang.invoke.DirectMethodHandle$Holder.invokeSpecialIFC(Ljava/lang/Object;Ljava/lang/Object;Ljava/lang/Object;Ljava/lang/Object;Ljava/lang/Object;Ljava/lang/Object;)Ljava/lang/Object;> (0
Event: 4.857 Thread 0x0000018b57f89000 Exception <a 'java/io/FileNotFoundException'{0x000000008d2a96a8}> (0x000000008d2a96a8) thrown at [./open/src/hotspot/share/prims/jni.cpp, line 611]

Events (10 events):
Event: 4.852 Thread 0x0000018b57f89000 DEOPT PACKING pc=0x0000018b470c30c0 sp=0x0000008637bfe810
Event: 4.852 Thread 0x0000018b57f89000 DEOPT UNPACKING pc=0x0000018b3f5a662f sp=0x0000008637bfe7c0 mode 2
Event: 4.889 Thread 0x0000018b57f88000 Uncommon trap: trap_request=0xffffff4d fr.pc=0x0000018b471881a0 relative=0x0000000000005160
Event: 4.889 Thread 0x0000018b57f88000 DEOPT PACKING pc=0x0000018b471881a0 sp=0x0000008637afedc0
Event: 4.889 Thread 0x0000018b57f88000 DEOPT UNPACKING pc=0x0000018b3f5a662f sp=0x0000008637afed68 mode 2
Event: 4.960 Executing VM operation: G1CollectForAllocation
Event: 4.960 Executing VM operation: G1CollectForAllocation done
Event: 4.960 Executing VM operation: G1CollectForAllocation
Event: 4.961 Executing VM operation: G1CollectForAllocation done
Event: 4.961 Executing VM operation: G1CollectForAllocation


Dynamic libraries:
0x00007ff634990000 - 0x00007ff63499f000 	C:\Program Files\Java\jdk-11.0.17\bin\java.exe
0x00007ffc89b70000 - 0x00007ffc89d68000 	C:\WINDOWS\SYSTEM32\ntdll.dll
0x00007ffc88c60000 - 0x00007ffc88d1f000 	C:\WINDOWS\System32\KERNEL32.DLL
0x00007ffc87300000 - 0x00007ffc875d2000 	C:\WINDOWS\System32\KERNELBASE.dll
0x00007ffc877b0000 - 0x00007ffc878b0000 	C:\WINDOWS\System32\ucrtbase.dll
0x00007ffc5e2e0000 - 0x00007ffc5e2f5000 	C:\Program Files\Java\jdk-11.0.17\bin\VCRUNTIME140.dll
0x00007ffc69d00000 - 0x00007ffc69d18000 	C:\Program Files\Java\jdk-11.0.17\bin\jli.dll
0x00007ffc87da0000 - 0x00007ffc87e4e000 	C:\WINDOWS\System32\ADVAPI32.dll
0x00007ffc88d20000 - 0x00007ffc88dbe000 	C:\WINDOWS\System32\msvcrt.dll
0x00007ffc89600000 - 0x00007ffc8969c000 	C:\WINDOWS\System32\sechost.dll
0x00007ffc896a0000 - 0x00007ffc897c5000 	C:\WINDOWS\System32\RPCRT4.dll
0x00007ffc89450000 - 0x00007ffc895f1000 	C:\WINDOWS\System32\USER32.dll
0x00007ffc87b80000 - 0x00007ffc87ba2000 	C:\WINDOWS\System32\win32u.dll
0x00007ffc87bb0000 - 0x00007ffc87bdb000 	C:\WINDOWS\System32\GDI32.dll
0x00007ffc87650000 - 0x00007ffc8775f000 	C:\WINDOWS\System32\gdi32full.dll
0x00007ffc87260000 - 0x00007ffc872fd000 	C:\WINDOWS\System32\msvcp_win.dll
0x00007ffc652c0000 - 0x00007ffc6555a000 	C:\WINDOWS\WinSxS\amd64_microsoft.windows.common-controls_6595b64144ccf1df_6.0.19041.1110_none_60b5254171f9507e\COMCTL32.dll
0x00007ffc80a00000 - 0x00007ffc80a0a000 	C:\WINDOWS\SYSTEM32\VERSION.dll
0x00007ffc88c20000 - 0x00007ffc88c52000 	C:\WINDOWS\System32\IMM32.DLL
0x00007ffc4ade0000 - 0x00007ffc4ae7b000 	C:\Program Files\Java\jdk-11.0.17\bin\msvcp140.dll
0x00007ffc23270000 - 0x00007ffc23d8a000 	C:\Program Files\Java\jdk-11.0.17\bin\server\jvm.dll
0x00007ffc89440000 - 0x00007ffc89448000 	C:\WINDOWS\System32\PSAPI.DLL
0x00007ffc79d50000 - 0x00007ffc79d77000 	C:\WINDOWS\SYSTEM32\WINMM.dll
0x00007ffc79770000 - 0x00007ffc79779000 	C:\WINDOWS\SYSTEM32\WSOCK32.dll
0x00007ffc890e0000 - 0x00007ffc8914b000 	C:\WINDOWS\System32\WS2_32.dll
0x00007ffc85ab0000 - 0x00007ffc85ac2000 	C:\WINDOWS\SYSTEM32\kernel.appcore.dll
0x00007ffc63320000 - 0x00007ffc63330000 	C:\Program Files\Java\jdk-11.0.17\bin\verify.dll
0x00007ffc84ee0000 - 0x00007ffc850c4000 	C:\WINDOWS\SYSTEM32\DBGHELP.DLL
0x00007ffc79660000 - 0x00007ffc79695000 	C:\WINDOWS\SYSTEM32\dbgcore.DLL
0x00007ffc87a40000 - 0x00007ffc87ac2000 	C:\WINDOWS\System32\bcryptPrimitives.dll
0x00007ffc588a0000 - 0x00007ffc588c8000 	C:\Program Files\Java\jdk-11.0.17\bin\java.dll
0x00007ffc5f960000 - 0x00007ffc5f96a000 	C:\Program Files\Java\jdk-11.0.17\bin\jimage.dll
0x00007ffc58880000 - 0x00007ffc58896000 	C:\Program Files\Java\jdk-11.0.17\bin\zip.dll
0x00007ffc884d0000 - 0x00007ffc88c14000 	C:\WINDOWS\System32\SHELL32.dll
0x00007ffc85300000 - 0x00007ffc85a92000 	C:\WINDOWS\SYSTEM32\windows.storage.dll
0x00007ffc897d0000 - 0x00007ffc89b25000 	C:\WINDOWS\System32\combase.dll
0x00007ffc86be0000 - 0x00007ffc86c10000 	C:\WINDOWS\SYSTEM32\Wldp.dll
0x00007ffc88fd0000 - 0x00007ffc8907d000 	C:\WINDOWS\System32\SHCORE.dll
0x00007ffc89330000 - 0x00007ffc89385000 	C:\WINDOWS\System32\shlwapi.dll
0x00007ffc871a0000 - 0x00007ffc871bf000 	C:\WINDOWS\SYSTEM32\profapi.dll
0x00007ffc4a1d0000 - 0x00007ffc4a1e9000 	C:\Program Files\Java\jdk-11.0.17\bin\net.dll
0x00007ffc7ee70000 - 0x00007ffc7ef7c000 	C:\WINDOWS\SYSTEM32\WINHTTP.dll
0x00007ffc86940000 - 0x00007ffc869aa000 	C:\WINDOWS\system32\mswsock.dll
0x00007ffc49280000 - 0x00007ffc49292000 	C:\Program Files\Java\jdk-11.0.17\bin\nio.dll
0x00007ffc82c30000 - 0x00007ffc82c39000 	C:\Program Files\Java\jdk-11.0.17\bin\management.dll
0x00007ffc81270000 - 0x00007ffc8127b000 	C:\Program Files\Java\jdk-11.0.17\bin\management_ext.dll
0x00007ffc86b30000 - 0x00007ffc86b48000 	C:\WINDOWS\SYSTEM32\CRYPTSP.dll
0x00007ffc86260000 - 0x00007ffc86294000 	C:\WINDOWS\system32\rsaenh.dll
0x00007ffc87a10000 - 0x00007ffc87a37000 	C:\WINDOWS\System32\bcrypt.dll
0x00007ffc87160000 - 0x00007ffc8718e000 	C:\WINDOWS\SYSTEM32\USERENV.dll
0x00007ffc86b50000 - 0x00007ffc86b5c000 	C:\WINDOWS\SYSTEM32\CRYPTBASE.dll
0x00007ffc86630000 - 0x00007ffc8666b000 	C:\WINDOWS\SYSTEM32\IPHLPAPI.DLL
0x00007ffc87d90000 - 0x00007ffc87d98000 	C:\WINDOWS\System32\NSI.dll
0x00007ffc7f980000 - 0x00007ffc7f997000 	C:\WINDOWS\SYSTEM32\dhcpcsvc6.DLL
0x00007ffc80770000 - 0x00007ffc8078d000 	C:\WINDOWS\SYSTEM32\dhcpcsvc.DLL
0x00007ffc86670000 - 0x00007ffc8673a000 	C:\WINDOWS\SYSTEM32\DNSAPI.dll
0x00007ffc76630000 - 0x00007ffc76647000 	C:\WINDOWS\system32\napinsp.dll
0x00007ffc76610000 - 0x00007ffc7662b000 	C:\WINDOWS\system32\pnrpnsp.dll
0x00007ffc82a10000 - 0x00007ffc82a2d000 	C:\WINDOWS\system32\NLAapi.dll
0x00007ffc633d0000 - 0x00007ffc633e5000 	C:\WINDOWS\system32\wshbth.dll
0x00007ffc765f0000 - 0x00007ffc76602000 	C:\WINDOWS\System32\winrnr.dll
0x00007ffc7e7d0000 - 0x00007ffc7e7da000 	C:\Windows\System32\rasadhlp.dll
0x00007ffc7e010000 - 0x00007ffc7e090000 	C:\WINDOWS\System32\fwpuclnt.dll

dbghelp: loaded successfully - version: 4.0.5 - missing functions: none
symbol engine: initialized successfully - sym options: 0x614 - pdb path: .;C:\Program Files\Java\jdk-11.0.17\bin;C:\WINDOWS\SYSTEM32;C:\WINDOWS\WinSxS\amd64_microsoft.windows.common-controls_6595b64144ccf1df_6.0.19041.1110_none_60b5254171f9507e;C:\Program Files\Java\jdk-11.0.17\bin\server

VM Arguments:
jvm_args: -Dfile.encoding=UTF-8 
java_command: com.thoughtworks.gauge.GaugeRuntime --start
java_class_path (initial): C:\Program Files\Java\jdk-11.0.17!\java.base;C:\Program Files\Java\jdk-11.0.17!\java.compiler;C:\Program Files\Java\jdk-11.0.17!\java.datatransfer;C:\Program Files\Java\jdk-11.0.17!\java.desktop;C:\Program Files\Java\jdk-11.0.17!\java.instrument;C:\Program Files\Java\jdk-11.0.17!\java.logging;C:\Program Files\Java\jdk-11.0.17!\java.management;C:\Program Files\Java\jdk-11.0.17!\java.management.rmi;C:\Program Files\Java\jdk-11.0.17!\java.naming;C:\Program Files\Java\jdk-11.0.17!\java.net.http;C:\Program Files\Java\jdk-11.0.17!\java.prefs;C:\Program Files\Java\jdk-11.0.17!\java.rmi;C:\Program Files\Java\jdk-11.0.17!\java.scripting;C:\Program Files\Java\jdk-11.0.17!\java.se;C:\Program Files\Java\jdk-11.0.17!\java.security.jgss;C:\Program Files\Java\jdk-11.0.17!\java.security.sasl;C:\Program Files\Java\jdk-11.0.17!\java.smartcardio;C:\Program Files\Java\jdk-11.0.17!\java.sql;C:\Program Files\Java\jdk-11.0.17!\java.sql.rowset;C:\Program Files\Java\jdk-11.0.17!\java.transaction.xa;C:\Program Files\Java\jdk-11.0.17!\java.xml;C:\Program Files\Java\jdk-11.0.17!\java.xml.crypto;C:\Program Files\Java\jdk-11.0.17!\jdk.accessibility;C:\Program Files\Java\jdk-11.0.17!\jdk.attach;C:\Program Files\Java\jdk-11.0.17!\jdk.charsets;C:\Program Files\Java\jdk-11.0.17!\jdk.compiler;C:\Program Files\Java\jdk-11.0.17!\jdk.crypto.cryptoki;C:\Program Files\Java\jdk-11.0.17!\jdk.crypto.ec;C:\Program Files\Java\jdk-11.0.17!\jdk.crypto.mscapi;C:\Program Files\Java\jdk-11.0.17!\jdk.dynalink;C:\Program Files\Java\jdk-11.0.17!\jdk.editpad;C:\Program Files\Java\jdk-11.0.17!\jdk.hotspot.agent;C:\Program Files\Java\jdk-11.0.17!\jdk.httpserver;C:\Program Files\Java\jdk-11.0.17!\jdk.internal.ed;C:\Program Files\Java\jdk-11.0.17!\jdk.internal.jvmstat;C:\Program Files\Java\jdk-11.0.17!\jdk.internal.le;C:\Program Files\Java\jdk-11.0.17!\jdk.internal.opt;C:\Program Files\Java\jdk-11.0.17!\jdk.internal.vm.ci;C:\Program Files\Java\jdk-11.0.17!\jdk.internal.vm.compiler;C:\Program Fi
Launcher Type: SUN_STANDARD

[Global flags]
     intx CICompilerCount                          = 4                                         {product} {ergonomic}
     uint ConcGCThreads                            = 2                                         {product} {ergonomic}
     uint G1ConcRefinementThreads                  = 8                                         {product} {ergonomic}
   size_t G1HeapRegionSize                         = 1048576                                   {product} {ergonomic}
    uintx GCDrainStackTargetSize                   = 64                                        {product} {ergonomic}
   size_t InitialHeapSize                          = 134217728                                 {product} {ergonomic}
   size_t MarkStackSize                            = 4194304                                   {product} {ergonomic}
   size_t MaxHeapSize                              = 2116026368                                {product} {ergonomic}
   size_t MaxNewSize                               = 1268776960                                {product} {ergonomic}
   size_t MinHeapDeltaBytes                        = 1048576                                   {product} {ergonomic}
    uintx NonNMethodCodeHeapSize                   = 5836300                                {pd product} {ergonomic}
    uintx NonProfiledCodeHeapSize                  = 122910970                              {pd product} {ergonomic}
    uintx ProfiledCodeHeapSize                     = 122910970                              {pd product} {ergonomic}
    uintx ReservedCodeCacheSize                    = 251658240                              {pd product} {ergonomic}
     bool SegmentedCodeCache                       = true                                      {product} {ergonomic}
     bool UseCompressedClassPointers               = true                                 {lp64_product} {ergonomic}
     bool UseCompressedOops                        = true                                 {lp64_product} {ergonomic}
     bool UseG1GC                                  = true                                      {product} {ergonomic}
     bool UseLargePagesIndividualAllocation        = false                                  {pd product} {ergonomic}

Logging:
Log output configuration:
 #0: stdout all=warning uptime,level,tags
 #1: stderr all=off uptime,level,tags

Environment Variables:
JAVA_HOME=C:\Program Files\Java\jdk-11.0.17
CLASSPATH=C:\Program Files\Java\jdk-11.0.17!\java.base;C:\Program Files\Java\jdk-11.0.17!\java.compiler;C:\Program Files\Java\jdk-11.0.17!\java.datatransfer;C:\Program Files\Java\jdk-11.0.17!\java.desktop;C:\Program Files\Java\jdk-11.0.17!\java.instrument;C:\Program Files\Java\jdk-11.0.17!\java.logging;C:\Program Files\Java\jdk-11.0.17!\java.management;C:\Program Files\Java\jdk-11.0.17!\java.management.rmi;C:\Program Files\Java\jdk-11.0.17!\java.naming;C:\Program Files\Java\jdk-11.0.17!\java.net.http;C:\Program Files\Java\jdk-11.0.17!\java.prefs;C:\Program Files\Java\jdk-11.0.17!\java.rmi;C:\Program Files\Java\jdk-11.0.17!\java.scripting;C:\Program Files\Java\jdk-11.0.17!\java.se;C:\Program Files\Java\jdk-11.0.17!\java.security.jgss;C:\Program Files\Java\jdk-11.0.17!\java.security.sasl;C:\Program Files\Java\jdk-11.0.17!\java.smartcardio;C:\Program Files\Java\jdk-11.0.17!\java.sql;C:\Program Files\Java\jdk-11.0.17!\java.sql.rowset;C:\Program Files\Java\jdk-11.0.17!\java.transaction.xa;C:\Program Files\Java\jdk-11.0.17!\java.xml;C:\Program Files\Java\jdk-11.0.17!\java.xml.crypto;C:\Program Files\Java\jdk-11.0.17!\jdk.accessibility;C:\Program Files\Java\jdk-11.0.17!\jdk.attach;C:\Program Files\Java\jdk-11.0.17!\jdk.charsets;C:\Program Files\Java\jdk-11.0.17!\jdk.compiler;C:\Program Files\Java\jdk-11.0.17!\jdk.crypto.cryptoki;C:\Program Files\Java\jdk-11.0.17!\jdk.crypto.ec;C:\Program Files\Java\jdk-11.0.17!\jdk.crypto.mscapi;C:\Program Files\Java\jdk-11.0.17!\jdk.dynalink;C:\Program Files\Java\jdk-11.0.17!\jdk.editpad;C:\Program Files\Java\jdk-11.0.17!\jdk.hotspot.agent;C:\Program Files\Java\jdk-11.0.17!\jdk.httpserver;C:\Program Files\Java\jdk-11.0.17!\jdk.internal.ed;C:\Program Files\Java\jdk-11.0.17!\jdk.internal.jvmstat;C:\Program Files\Java\jdk-11.0.17!\jdk.internal.le;C:\Program Files\Java\jdk-11.0.17!\jdk.internal.opt;C:\Program Files\Java\jdk-11.0.17!\jdk.internal.vm.ci;C:\Program Files\Java\jdk-11.0.17!\jdk.internal.vm.compiler;C:\Program Files\Java\jdk-11.0.17!\jdk.i
PATH=C:\Program Files\Common Files\Oracle\Java\javapath;C:\Program Files (x86)\Common Files\Oracle\Java\javapath;C:\WINDOWS\system32;C:\WINDOWS;C:\WINDOWS\System32\Wbem;C:\WINDOWS\System32\WindowsPowerShell\v1.0\;C:\WINDOWS\System32\OpenSSH\;C:\Program Files\Git\cmd;C:\Program Files\nodejs\;C:\Program Files\maven\apache-maven-3.8.6\bin;C:\Program Files\Java\jdk-11.0.17\bin;C:\Program Files\Gauge\bin;C:\Users\testinium\AppData\Local\Android\Sdk\platform-tools;C:\Users\testinium\AppData\Local\Android\Sdk\tools;C:\Users\testinium\AppData\Local\Android\Sdk\build-tools;C:\Program Files (x86)\Micro Focus\Unified Functional Testing\bin;C:\Users\testinium\AppData\Local\Microsoft\WindowsApps;C:\Users\testinium\AppData\Roaming\npm;C:\Program Files\JetBrains\IntelliJ IDEA Community Edition 2022.3\bin;;C:\Users\testinium\AppData\Roaming\gauge\plugins\screenshot\0.1.0
USERNAME=testinium
OS=Windows_NT
PROCESSOR_IDENTIFIER=Intel64 Family 6 Model 142 Stepping 12, GenuineIntel



---------------  S Y S T E M  ---------------

OS: Windows 10 , 64 bit Build 19041 (10.0.19041.2364)

CPU:total 8 (initial active 8) (4 cores per cpu, 2 threads per core) family 6 model 142 stepping 12 microcode 0xca, cmov, cx8, fxsr, mmx, sse, sse2, sse3, ssse3, sse4.1, sse4.2, popcnt, avx, avx2, aes, clmul, erms, 3dnowpref, lzcnt, ht, tsc, tscinvbit, bmi1, bmi2, adx, fma

Memory: 4k page, system-wide physical 8068M (461M free)
TotalPageFile size 32644M (AvailPageFile size 50M)
current process WorkingSet (physical memory assigned to process): 345M, peak: 345M
current process commit charge ("private bytes"): 420M, peak: 520M

vm_info: Java HotSpot(TM) 64-Bit Server VM (11.0.17+10-LTS-269) for windows-amd64 JRE (11.0.17+10-LTS-269), built on Sep 13 2022 19:26:37 by "mach5one" with MS VC++ 15.9 (VS2017)

END.
